Arguments: 
  /home/seimori/.nvm/versions/node/v14.8.0/bin/node /usr/share/yarn/bin/yarn.js start

PATH: 
  /home/seimori/.brew/bin:/home/seimori/.vscode-server/bin/e790b931385d72cf5669fcefc51cdf65990efa5d/bin:/home/seimori/.nvm/versions/node/v14.8.0/bin:/home/seimori/.brew/bin:/usr/local/sbin:/usr/local/bin:/usr/sbin:/usr/bin:/sbin:/bin:/usr/games:/usr/local/games:/mnt/c/Program Files (x86)/Common Files/Oracle/Java/javapath:/mnt/c/Windows/system32:/mnt/c/Windows:/mnt/c/Windows/System32/Wbem:/mnt/c/Windows/System32/WindowsPowerShell/v1.0/:/mnt/c/Windows/System32/OpenSSH/:/mnt/c/Program Files/Intel/WiFi/bin/:/mnt/c/Program Files/Common Files/Intel/WirelessCommon/:/mnt/c/Program Files/NVIDIA Corporation/NVIDIA NvDLISR:/mnt/c/Program Files (x86)/NVIDIA Corporation/PhysX/Common:/mnt/c/Program Files/dotnet/:/mnt/c/Users/issei/AppData/Local/Microsoft/WindowsApps:/mnt/d/Tools/Microsoft VS Code/bin

Yarn version: 
  1.22.4

Node version: 
  14.8.0

Platform: 
  linux x64

Trace: 
  SyntaxError: /home/seimori/projects/whatsapp-clone-server/package.json: Unexpected string in JSON at position 119
      at JSON.parse (<anonymous>)
      at /usr/share/yarn/lib/cli.js:1625:59
      at Generator.next (<anonymous>)
      at step (/usr/share/yarn/lib/cli.js:310:30)
      at /usr/share/yarn/lib/cli.js:321:13

npm manifest: 
  {
    "name": "whatsapp-clone-server",
    "version": "1.0.0",
    "main": "index.js",
    "license": "MIT",
  	"private": true
  	"scripts": {
  		"start": "node index.js"
  	}
  }

yarn manifest: 
  No manifest

Lockfile: 
  No lockfile
